This is TeX, Version 3.141592 (MiKTeX 2.4) (preloaded format=latex 2005.6.1)  4 APR 2007 14:29
**\nonstopmode\input{vie-region.tex}
(vie-region.tex  !name(sim_exp-slides4.tex)
 !name(sim_exp-slides4.tex) !offset(-3) 
(C:\program files\texmf\tex\latex\prosper\prosper.cls
Document Class: prosper 2001/07/17, v. 1.5
(c) 2000-2001 Frederic Goualard, EPFL, Switzerland
 and Peter Møller Neergaard, Boston Univ., USA
CVSId: $Id: prosper.cls,v 1.24 2002/11/25 14:35:50 exupery Exp $
(C:\program files\texmf\tex\latex\graphics\graphicx.sty
Package: graphicx 1999/02/16 v1.0f Enhanced LaTeX Graphics (DPC,SPQR)

(C:\program files\texmf\tex\latex\graphics\keyval.sty
Package: keyval 1999/03/16 v1.13 key=value parser (DPC)
\KV@toks@=\toks14
)
(C:\program files\texmf\tex\latex\graphics\graphics.sty
Package: graphics 2001/07/07 v1.0n Standard LaTeX Graphics (DPC,SPQR)

(C:\program files\texmf\tex\latex\graphics\trig.sty
Package: trig 1999/03/16 v1.09 sin cos tan (DPC)
)
(C:\program files\texmf\tex\latex\00miktex\graphics.cfg
File: graphics.cfg 2003/03/12 v1.1 MiKTeX 'graphics' configuration
)
Package graphics Info: Driver file: dvips.def on input line 80.

(C:\program files\texmf\tex\latex\graphics\dvips.def
File: dvips.def 1999/02/16 v3.0i Driver-dependant file (DPC,SPQR)
))
\Gin@req@height=\dimen102
\Gin@req@width=\dimen103
)
(C:\program files\texmf\tex\latex\seminar\seminar.cls
Document Class: seminar 1997/10/13, 1.4
Document Style: `seminar' v1.4 <1997/10/13> (tvz)
\slidewidth=\dimen104
\slideheight=\dimen105
\footheight=\dimen106
(C:\program files\texmf\tex\latex\base\article.cls
Document Class: article 2004/02/16 v1.4f Standard LaTeX document class
(C:\program files\texmf\tex\latex\base\leqno.clo
File: leqno.clo 1998/08/17 v1.1c Standard LaTeX option (left equation numbers)
)
(C:\program files\texmf\tex\latex\base\size10.clo
File: size10.clo 2004/02/16 v1.4f Standard LaTeX file (size option)
)
\c@part=\count79
\c@section=\count80
\c@subsection=\count81
\c@subsubsection=\count82
\c@paragraph=\count83
\c@subparagraph=\count84
\c@figure=\count85
\c@table=\count86
\abovecaptionskip=\skip41
\belowcaptionskip=\skip42
\bibindent=\dimen107
)
(C:\program files\texmf\tex\latex\seminar\sem-page.sty)
\before@document=\toks15
\after@document=\toks16
\before@enddocument=\toks17
\c@slide=\count87
\slide@count=\count88
\@slidebox=\box26
\not@slidebox=\box27
\slide@hook=\toks18
\after@slide=\toks19
\slide@footins=\insert233
\slide@listdepth=\count89
\saved@specials=\box28
\before@newslide=\toks20
\after@slidepage=\toks21
\slidesep=\skip43
\c@note=\count90
\slideframewidth=\dimen108
\slideframesep=\dimen109
\semin=\dimen110
\semcm=\dimen111
)
(C:\program files\texmf\tex\latex\seminar\semcolor.sty
Style Option: `semcolor' for doc style `seminar' 1.01 <2004/05/18> (tvz)
File: semcolor.sty 2004/05/18 v1.01 (tvz)
(C:\program files\texmf\tex\latex\pstricks\pstricks.sty
Package: pstricks 2004/05/12 v0.2l LaTeX wrapper for `PSTricks' (RN,HV)

(C:\program files\texmf\tex\generic\pstricks\pstricks.tex
`PSTricks' v1.04  <2004/06/22> (tvz)
\pst@dima=\dimen112
\pst@dimb=\dimen113
\pst@dimc=\dimen114
\pst@dimd=\dimen115
\pst@dimg=\dimen116
\pst@dimh=\dimen117
\pst@hbox=\box29
\pst@boxg=\box30
\pst@cnta=\count91
\pst@cntb=\count92
\pst@cntc=\count93
\pst@cntd=\count94
\pst@cntg=\count95
\pst@cnth=\count96
\pst@toks=\toks22
(C:\program files\texmf\tex\generic\pstricks\pstricks.con)
\psunit=\dimen118
\psxunit=\dimen119
\psyunit=\dimen120
\pslinewidth=\dimen121
\pst@customdefs=\toks23
\pslinearc=\dimen122
\everypsbox=\toks24
\psframesep=\dimen123
\pslabelsep=\dimen124
\theoverlaybox=\box31
)
File: pstricks.tex 2004/06/22 v1.04 `PSTricks' (tvz)

(C:\program files\texmf\tex\latex\xcolor\xcolor.sty
Package: xcolor 2004/07/04 v2.00 LaTeX color extensions (UK)

(C:\program files\texmf\tex\latex\00miktex\color.cfg
File: color.cfg 2003/03/08 v1.0 MiKTeX 'color' configuration
)
Package xcolor Info: Package option `override' ignored on input line 128.
Package xcolor Info: Driver file: dvips.def on input line 136.
Package xcolor Info: Color model `cmy' added on input line 972.
Package xcolor Info: Color model `HTML' added on input line 1000.
Package xcolor Info: Color model `HSB' added on input line 1006.
Package xcolor Info: Color model `Gray' added on input line 1012.
)))
(C:\program files\texmf\tex\latex\seminar\semlayer.sty
\@@slidebox=\box32
\c@overlay=\count97
)
(C:\program files\texmf\tex\latex\seminar\seminar.bug)
(C:\program files\texmf\tex\latex\seminar\seminar.bg2
seminar.bg2: various corrections for the Seminar document class added since sem
inar.bug (waiting Seminar 98)
(Version 1.6 of <November 20, 1997> (D.G.))
) (C:\program files\texmf\tex\latex\hyperref\hyperref.sty
Package: hyperref 2003/11/30 v6.74m Hypertext links for LaTeX
\@linkdim=\dimen125
\Hy@linkcounter=\count98
\Hy@pagecounter=\count99

(C:\program files\texmf\tex\latex\hyperref\pd1enc.def
File: pd1enc.def 2003/11/30 v6.74m Hyperref: PDFDocEncoding definition (HO)
)
(C:\program files\texmf\tex\latex\00miktex\hyperref.cfg
File: hyperref.cfg 2003/03/08 v1.0 MiKTeX 'hyperref' configuration
)
Package hyperref Info: Option `bookmarks' set `true' on input line 1830.
Package hyperref Info: Option `pdffitwindow' set `true' on input line 1830.
Package hyperref Info: Option `pdfcenterwindow' set `true' on input line 1830.
Package hyperref Info: Hyper figures OFF on input line 1880.
Package hyperref Info: Link nesting OFF on input line 1885.
Package hyperref Info: Hyper index ON on input line 1888.
Package hyperref Info: Plain pages ON on input line 1893.
Package hyperref Info: Backreferencing OFF on input line 1900.

Implicit mode ON; LaTeX internals redefined
Package hyperref Info: Bookmarks ON on input line 2004.
(C:\program files\texmf\tex\latex\ltxmisc\url.sty
\Urlmuskip=\muskip10
Package: url 2004/03/15  ver 3.1  Verb mode for urls, etc.
)
LaTeX Info: Redefining \url on input line 2143.
\Fld@menulength=\count100
\Field@Width=\dimen126
\Fld@charsize=\dimen127
\Choice@toks=\toks25
\Field@toks=\toks26
Package hyperref Info: Hyper figures OFF on input line 2618.
Package hyperref Info: Link nesting OFF on input line 2623.
Package hyperref Info: Hyper index ON on input line 2626.
Package hyperref Info: backreferencing OFF on input line 2633.
Package hyperref Info: Link coloring OFF on input line 2638.
\c@Item=\count101
\c@Hfootnote=\count102
)
*hyperref using driver hdvips*
(C:\program files\texmf\tex\latex\hyperref\hdvips.def
File: hdvips.def 2003/11/30 v6.74m Hyperref driver for dvips

(C:\program files\texmf\tex\latex\hyperref\pdfmark.def
File: pdfmark.def 2003/11/30 v6.74m Hyperref definitions for pdfmark specials
\pdf@docset=\toks27
\pdf@box=\box33
\pdf@toks=\toks28
\pdf@defaulttoks=\toks29
\Fld@listcount=\count103
\@outlinefile=\write3
))
\theoverlays=\box34
\c@overlaysCount=\count104
\c@limitOverlays=\count105
\@tempoLimit=\count106
\slideWidth=\skip44
\c@trueSlideCounter=\count107

(C:\program files\texmf\tex\latex\prosper\PPRdefault.sty
Package: PPRdefault 2000/11/30

`default' style for Prosper ---
CVSId: $Id: PPRdefault.sty,v 1.3 2001/10/24 15:11:25 exupery Exp $
 
(C:\program files\texmf\tex\latex\amsfonts\amssymb.sty
Package: amssymb 2002/01/22 v2.2d

(C:\program files\texmf\tex\latex\amsfonts\amsfonts.sty
Package: amsfonts 2001/10/25 v2.2f
\@emptytoks=\toks30
\symAMSa=\mathgroup4
\symAMSb=\mathgroup5
LaTeX Font Info:    Overwriting math alphabet `\mathfrak' in version `bold'
(Font)                  U/euf/m/n --> U/euf/b/n on input line 132.
))
(C:\program files\texmf\tex\latex\seminar\semhelv.sty
Style Option: `semhelv' for the `seminar' doc style 1.4 <2000/05/08> (tvz)
Modified by Stefan (see source for details)
LaTeX Font Info:    Font shape `OT1/helvetica/m/n' will be
(Font)              scaled to size 8.20007pt on input line 176.
))
\c@item@step=\count108
\c@overlay@page=\count109
\c@nbAffected=\count110
\c@savecountAffected=\count111
) (C:\program files\texmf\tex\latex\base\inputenc.sty
Package: inputenc 2004/02/05 v1.0d Input encoding file

(C:\program files\texmf\tex\latex\base\latin1.def
File: latin1.def 2004/02/05 v1.0d Input encoding file
))
(C:\program files\texmf\tex\latex\tools\theorem.sty
Package: theorem 1995/11/23 v2.2c Theorem extension package (FMi)
\theorem@style=\toks31
\theorem@bodyfont=\toks32
\theorempreskipamount=\skip45
\theorempostskipamount=\skip46

(C:\program files\texmf\tex\latex\tools\thp.sty
File: thp.sty 1995/11/23 v2.2c Theorem extension package (FMi)
))
(C:\program files\texmf\tex\latex\amsmath\amsmath.sty
Package: amsmath 2000/07/18 v2.13 AMS math features
\@mathmargin=\skip47

For additional information on amsmath, use the `?' option.
(C:\program files\texmf\tex\latex\amsmath\amstext.sty
Package: amstext 2000/06/29 v2.01

(C:\program files\texmf\tex\latex\amsmath\amsgen.sty
File: amsgen.sty 1999/11/30 v2.0
\@emptytoks=\toks33
\ex@=\dimen128
))
(C:\program files\texmf\tex\latex\amsmath\amsbsy.sty
Package: amsbsy 1999/11/29 v1.2d
\pmbraise@=\dimen129
)
(C:\program files\texmf\tex\latex\amsmath\amsopn.sty
Package: amsopn 1999/12/14 v2.01 operator names
)
\inf@bad=\count112
LaTeX Info: Redefining \frac on input line 211.
\uproot@=\count113
\leftroot@=\count114
LaTeX Info: Redefining \overline on input line 307.
\classnum@=\count115
\DOTSCASE@=\count116
LaTeX Info: Redefining \ldots on input line 379.
LaTeX Info: Redefining \dots on input line 382.
LaTeX Info: Redefining \cdots on input line 467.
\Mathstrutbox@=\box35
\strutbox@=\box36
\big@size=\dimen130
LaTeX Font Info:    Redeclaring font encoding OML on input line 567.
LaTeX Font Info:    Redeclaring font encoding OMS on input line 568.
\macc@depth=\count117
\c@MaxMatrixCols=\count118
\dotsspace@=\muskip11
\c@parentequation=\count119
\dspbrk@lvl=\count120
\tag@help=\toks34
\row@=\count121
\column@=\count122
\maxfields@=\count123
\andhelp@=\toks35
\eqnshift@=\dimen131
\alignsep@=\dimen132
\tagshift@=\dimen133
\tagwidth@=\dimen134
\totwidth@=\dimen135
\lineht@=\dimen136
\@envbody=\toks36
\multlinegap=\skip48
\multlinetaggap=\skip49
\mathdisplay@stack=\toks37
LaTeX Info: Redefining \[ on input line 2666.
LaTeX Info: Redefining \] on input line 2667.
)
(C:\program files\texmf\tex\latex\tools\thb.sty
File: thb.sty 1995/11/23 v2.2c Theorem extension package (FMi)
)
\c@Saet=\count124
 (vie-region.aux)
LaTeX Font Info:    Checking defaults for OML/cmm/m/it on input line 44.
LaTeX Font Info:    ... okay on input line 44.
LaTeX Font Info:    Checking defaults for T1/cmr/m/n on input line 44.
LaTeX Font Info:    ... okay on input line 44.
LaTeX Font Info:    Checking defaults for OT1/cmr/m/n on input line 44.
LaTeX Font Info:    ... okay on input line 44.
LaTeX Font Info:    Checking defaults for OMS/cmsy/m/n on input line 44.
LaTeX Font Info:    ... okay on input line 44.
LaTeX Font Info:    Checking defaults for OMX/cmex/m/n on input line 44.
LaTeX Font Info:    ... okay on input line 44.
LaTeX Font Info:    Checking defaults for U/cmr/m/n on input line 44.
LaTeX Font Info:    ... okay on input line 44.
LaTeX Font Info:    Checking defaults for PD1/pdf/m/n on input line 44.
LaTeX Font Info:    ... okay on input line 44.
Package hyperref Info: Link coloring OFF on input line 44.

(C:\program files\texmf\tex\latex\hyperref\nameref.sty
Package: nameref 2003/12/03 v2.21 Cross-referencing by name of section
\c@section@level=\count125
)
LaTeX Info: Redefining \ref on input line 44.
LaTeX Info: Redefining \pageref on input line 44.
 (vie-region.out)
(vie-region.out)
LaTeX Font Info:    Font shape `OT1/helvetica/m/n' will be
(Font)              scaled to size 14.16972pt on input line 45.
LaTeX Font Info:    Font shape `OT1/helvetica/m/n' will be
(Font)              scaled to size 11.80809pt on input line 45.
LaTeX Font Info:    Try loading font information for T1+phv on input line 45.
 (C:\program files\texmf\tex\latex\psnfss\t1phv.fd
File: t1phv.fd 2001/06/04 scalable font definitions for T1/phv.
)
LaTeX Font Info:    Try loading font information for T1+ptm on input line 45.

(C:\program files\texmf\tex\latex\psnfss\t1ptm.fd
File: t1ptm.fd 2001/06/04 font definitions for T1/ptm.
)
LaTeX Font Info:    Font shape `OT1/helvetica/m/n' will be
(Font)              scaled to size 5.74005pt on input line 45.
LaTeX Font Info:    Font shape `OT1/courier/m/n' will be
(Font)              scaled to size 6.895pt on input line 45.
LaTeX Font Info:    Try loading font information for U+msa on input line 45.

(C:\program files\texmf\tex\latex\amsfonts\umsa.fd
File: umsa.fd 2002/01/19 v2.2g AMS font definitions
)
LaTeX Font Info:    Try loading font information for U+msb on input line 45.

(C:\program files\texmf\tex\latex\amsfonts\umsb.fd
File: umsb.fd 2002/01/19 v2.2g AMS font definitions
)
LaTeX Font Info:    Font shape `OT1/helvetica/m/n' will be
(Font)              scaled to size 4.10004pt on input line 45.
 [1


]
File: red-bullet-on-white.ps Graphic file (type eps)

<red-bullet-on-white.ps>
File: green-bullet-on-white.ps Graphic file (type eps)
 <green-bullet-on-white.ps>
File: green-bullet-on-white.ps Graphic file (type eps)
 <green-bullet-on-white.ps>
File: red-bullet-on-white.ps Graphic file (type eps)

<red-bullet-on-white.ps>
File: green-bullet-on-white.ps Graphic file (type eps)
 <green-bullet-on-white.ps>
File: green-bullet-on-white.ps Graphic file (type eps)
 <green-bullet-on-white.ps>
[2

]
File: red-bullet-on-white.ps Graphic file (type eps)
 <red-bullet-on-white.ps>
File: green-bullet-on-white.ps Graphic file (type eps)
 <green-bullet-on-white.ps>
File: green-bullet-on-white.ps Graphic file (type eps)

<green-bullet-on-white.ps>
File: red-bullet-on-white.ps Graphic file (type eps)
 <red-bullet-on-white.ps>
File: green-bullet-on-white.ps Graphic file (type eps)
 <green-bullet-on-white.ps>
File: green-bullet-on-white.ps Graphic file (type eps)

<green-bullet-on-white.ps> [2

]
File: red-bullet-on-white.ps Graphic file (type eps)
 <red-bullet-on-white.ps>
File: green-bullet-on-white.ps Graphic file (type eps)

<green-bullet-on-white.ps>
LaTeX Font Info:    Calculating math sizes for size <12.4> on input line 87.
File: green-bullet-on-white.ps Graphic file (type eps)
 <green-bullet-on-white.ps>
File: red-bullet-on-white.ps Graphic file (type eps)
 <red-bullet-on-white.ps>
File: red-bullet-on-white.ps Graphic file (type eps)

<red-bullet-on-white.ps> [3

]
File: red-bullet-on-white.ps Graphic file (type eps)
 <red-bullet-on-white.ps>
File: green-bullet-on-white.ps Graphic file (type eps)

<green-bullet-on-white.ps>
File: green-bullet-on-white.ps Graphic file (type eps)
 <green-bullet-on-white.ps>
File: red-bullet-on-white.ps Graphic file (type eps)
 <red-bullet-on-white.ps>
File: red-bullet-on-white.ps Graphic file (type eps)

<red-bullet-on-white.ps> [3

]
File: red-bullet-on-white.ps Graphic file (type eps)
 <red-bullet-on-white.ps>
File: green-bullet-on-white.ps Graphic file (type eps)

<green-bullet-on-white.ps>
File: green-bullet-on-white.ps Graphic file (type eps)
 <green-bullet-on-white.ps>
File: red-bullet-on-white.ps Graphic file (type eps)
 <red-bullet-on-white.ps>
File: red-bullet-on-white.ps Graphic file (type eps)

<red-bullet-on-white.ps> [3

]
File: figurer/tavle.md Graphic file (type eps)
 <figurer/tavle.md> [4

]
File: figurer/tavle.md Graphic file (type eps)
 <figurer/tavle.md> [4

]
File: figurer/tavle.md Graphic file (type eps)

<figurer/tavle.md> [4

]
File: figurer/tavle.md Graphic file (type eps)
 <figurer/tavle.md> [4

]
File: red-bullet-on-white.ps Graphic file (type eps)
 <red-bullet-on-white.ps>
File: red-bullet-on-white.ps Graphic file (type eps)

<red-bullet-on-white.ps> [5

]
File: red-bullet-on-white.ps Graphic file (type eps)
 <red-bullet-on-white.ps>
File: red-bullet-on-white.ps Graphic file (type eps)
 <red-bullet-on-white.ps>
[5

]
File: red-bullet-on-white.ps Graphic file (type eps)
 <red-bullet-on-white.ps>
File: red-bullet-on-white.ps Graphic file (type eps)
 <red-bullet-on-white.ps> [5

]
File: red-bullet-on-white.ps Graphic file (type eps)

<red-bullet-on-white.ps>
File: red-bullet-on-white.ps Graphic file (type eps)
 <red-bullet-on-white.ps> [5

]
File: red-bullet-on-white.ps Graphic file (type eps)
 <red-bullet-on-white.ps>
File: red-bullet-on-white.ps Graphic file (type eps)

<red-bullet-on-white.ps> [5

]
File: red-bullet-on-white.ps Graphic file (type eps)
 <red-bullet-on-white.ps>
File: red-bullet-on-white.ps Graphic file (type eps)
 <red-bullet-on-white.ps>
[5

]
File: figurer/figur_ex15.eps Graphic file (type eps)
 <figurer/figur_ex15.eps> [6

]
File: figurer/figur_ex15.eps Graphic file (type eps)
 <figurer/figur_ex15.eps> [6

] [7

] [7

] [7

]
LaTeX Font Info:    Font shape `T1/courier/m/n' will be
(Font)              scaled to size 12.21399pt on input line 240.

[8

] [8

] [8

] [8

] [8

]
File: figurer/eksempel17.eps Graphic file (type eps)
 <figurer/eksempel17.eps> [9

]
File: figurer/eksempel17.eps Graphic file (type eps)
 <figurer/eksempel17.eps>
[9

] [10

]
File: figurer/eksempel18_sens.eps Graphic file (type eps)
 <figurer/eksempel18_sens.eps> [10

]
File: figurer/eksempel18_in_out.eps Graphic file (type eps)
 <figurer/eksempel18_in_out.eps>
[10

]
File: red-bullet-on-white.ps Graphic file (type eps)
 <red-bullet-on-white.ps>
File: red-bullet-on-white.ps Graphic file (type eps)
 <red-bullet-on-white.ps> [11

] (vie-region.aux) ) 
Here is how much of TeX's memory you used:
 5563 strings out of 95986
 66585 string characters out of 1195862
 137748 words of memory out of 1138437
 8064 multiletter control sequences out of 35000
 34127 words of font info for 70 fonts, out of 500000 for 1000
 14 hyphenation exceptions out of 607
 44i,12n,44p,251b,964s stack positions out of 1500i,500n,5000p,200000b,32768s

Output written on vie-region.dvi (32 pages, 117640 bytes).
