This is pdfTeXk, Version 3.141592-1.40.3 (Web2C 7.5.6) (format=latex 2008.7.22)  31 MAR 2009 16:30
entering extended mode
 %&-line parsing enabled.
**sim_exp-slides4
(./sim_exp-slides4.tex
LaTeX2e <2005/12/01>
Babel <v3.8h> and hyphenation patterns for english, usenglishmax, dumylang, noh
yphenation, loaded.
(/usr/share/texmf/tex/latex/prosper/prosper.cls
Document Class: prosper 2003/03/20, v. 1.6
(c) 2000-2003 Frederic Goualard, IRIN, France
 and Peter Møller Neergaard, Boston Univ., USA
CVSId: $Id: prosper.cls,v 1.25 2003/02/21 18:32:56 exupery Exp $
(/usr/share/texmf-texlive/tex/latex/graphics/graphicx.sty
Package: graphicx 1999/02/16 v1.0f Enhanced LaTeX Graphics (DPC,SPQR)

(/usr/share/texmf-texlive/tex/latex/graphics/keyval.sty
Package: keyval 1999/03/16 v1.13 key=value parser (DPC)
\KV@toks@=\toks14
)
(/usr/share/texmf-texlive/tex/latex/graphics/graphics.sty
Package: graphics 2006/02/20 v1.0o Standard LaTeX Graphics (DPC,SPQR)

(/usr/share/texmf-texlive/tex/latex/graphics/trig.sty
Package: trig 1999/03/16 v1.09 sin cos tan (DPC)
)
(/etc/texmf/tex/latex/config/graphics.cfg
File: graphics.cfg 2007/01/18 v1.5 graphics configuration of teTeX/TeXLive
)
Package graphics Info: Driver file: dvips.def on input line 90.

(/usr/share/texmf-texlive/tex/latex/graphics/dvips.def
File: dvips.def 1999/02/16 v3.0i Driver-dependant file (DPC,SPQR)
))
\Gin@req@height=\dimen102
\Gin@req@width=\dimen103
)
(/usr/share/texmf-texlive/tex/latex/seminar/seminar.cls
Document Class: seminar 1997/10/13, 1.4
Document Style: `seminar' v1.4 <1997/10/13> (tvz)
\slidewidth=\dimen104
\slideheight=\dimen105
\footheight=\dimen106
(/usr/share/texmf-texlive/tex/latex/base/article.cls
Document Class: article 2005/09/16 v1.4f Standard LaTeX document class
(/usr/share/texmf-texlive/tex/latex/base/leqno.clo
File: leqno.clo 1998/08/17 v1.1c Standard LaTeX option (left equation numbers)
)
(/usr/share/texmf-texlive/tex/latex/base/size10.clo
File: size10.clo 2005/09/16 v1.4f Standard LaTeX file (size option)
)
\c@part=\count79
\c@section=\count80
\c@subsection=\count81
\c@subsubsection=\count82
\c@paragraph=\count83
\c@subparagraph=\count84
\c@figure=\count85
\c@table=\count86
\abovecaptionskip=\skip41
\belowcaptionskip=\skip42
\bibindent=\dimen107
)
(/usr/share/texmf-texlive/tex/latex/seminar/sem-page.sty)
\before@document=\toks15
\after@document=\toks16
\before@enddocument=\toks17
\c@slide=\count87
\slide@count=\count88
\@slidebox=\box26
\not@slidebox=\box27
\slide@hook=\toks18
\after@slide=\toks19
\slide@footins=\insert233
\slide@listdepth=\count89
\saved@specials=\box28
\before@newslide=\toks20
\after@slidepage=\toks21
\slidesep=\skip43
\c@note=\count90
\slideframewidth=\dimen108
\slideframesep=\dimen109
\semin=\dimen110
\semcm=\dimen111
)
(/usr/share/texmf-texlive/tex/latex/seminar/semcolor.sty
Style Option: `semcolor' for doc style `seminar' 1.01 <2004/05/18> (tvz)
File: semcolor.sty 2004/05/18 v1.01 (tvz)
(/usr/share/texmf-texlive/tex/latex/pstricks/pstricks.sty
Package: pstricks 2006/08/10 v0.32 LaTeX wrapper for `PSTricks' (RN,HV)

(/usr/share/texmf-texlive/tex/generic/pstricks/pstricks.tex
`PSTricks' v1.15  <2006/12/22> (tvz)
\pst@dima=\dimen112
\pst@dimb=\dimen113
\pst@dimc=\dimen114
\pst@dimd=\dimen115
\pst@dimg=\dimen116
\pst@dimh=\dimen117
\pst@hbox=\box29
\pst@boxg=\box30
\pst@cnta=\count91
\pst@cntb=\count92
\pst@cntc=\count93
\pst@cntd=\count94
\pst@cntg=\count95
\pst@cnth=\count96
\pst@toks=\toks22
(/usr/share/texmf-texlive/tex/generic/pstricks/pstricks.con)
\psunit=\dimen118
\psxunit=\dimen119
\psyunit=\dimen120
\pslinewidth=\dimen121
\pst@customdefs=\toks23
\pslinearc=\dimen122
\everypsbox=\toks24
\psframesep=\dimen123
\pslabelsep=\dimen124
\psk@shift=\dimen125
\pst@shift=\dimen126
\theoverlaybox=\box31
)
File: pstricks.tex 2006/12/22 v1.15 `PSTricks' (tvz)

(/usr/share/texmf/tex/latex/xcolor/xcolor.sty
Package: xcolor 2007/01/21 v2.11 LaTeX color extensions (UK)

(/etc/texmf/tex/latex/config/color.cfg
File: color.cfg 2007/01/18 v1.5 color configuration of teTeX/TeXLive
)
Package xcolor Info: Package option `override' ignored on input line 216.
Package xcolor Info: Driver file: dvips.def on input line 225.
Package xcolor Info: Model `cmy' substituted by `cmy0' on input line 1337.
Package xcolor Info: Model `RGB' extended on input line 1353.
Package xcolor Info: Model `HTML' substituted by `rgb' on input line 1355.
Package xcolor Info: Model `Hsb' substituted by `hsb' on input line 1356.
Package xcolor Info: Model `tHsb' substituted by `hsb' on input line 1357.
Package xcolor Info: Model `HSB' substituted by `hsb' on input line 1358.
Package xcolor Info: Model `Gray' substituted by `gray' on input line 1359.
Package xcolor Info: Model `wave' substituted by `hsb' on input line 1360.
)))
(/usr/share/texmf-texlive/tex/latex/seminar/semlayer.sty
\@@slidebox=\box32
\c@overlay=\count97
)
(/usr/share/texmf-texlive/tex/latex/seminar/seminar.bug)
(/usr/share/texmf-texlive/tex/latex/seminar/seminar.bg2
seminar.bg2: various corrections for the Seminar document class
added since seminar.bug and few add-ons for overlays
(Version 2.1 of <May 31, 2002> (D.G.))
\Seminar@SlideBoxBackground=\box33
) (/usr/share/texmf/tex/latex/prosper/seminar-bg2-lepennec.fix)
(/usr/share/texmf-texlive/tex/latex/hyperref/hyperref.sty
Package: hyperref 2007/02/07 v6.75r Hypertext links for LaTeX
\@linkdim=\dimen127
\Hy@linkcounter=\count98
\Hy@pagecounter=\count99

(/usr/share/texmf-texlive/tex/latex/hyperref/pd1enc.def
File: pd1enc.def 2007/02/07 v6.75r Hyperref: PDFDocEncoding definition (HO)
)
(/etc/texmf/tex/latex/config/hyperref.cfg
File: hyperref.cfg 2002/06/06 v1.2 hyperref configuration of TeXLive
)
(/usr/share/texmf-texlive/tex/latex/oberdiek/kvoptions.sty
Package: kvoptions 2006/08/22 v2.4 Connects package keyval with LaTeX options (
HO)
)
Package hyperref Info: Option `bookmarks' set `true' on input line 2238.
Package hyperref Info: Option `pdffitwindow' set `true' on input line 2238.
Package hyperref Info: Option `pdfcenterwindow' set `true' on input line 2238.
Package hyperref Info: Hyper figures OFF on input line 2288.
Package hyperref Info: Link nesting OFF on input line 2293.
Package hyperref Info: Hyper index ON on input line 2296.
Package hyperref Info: Plain pages OFF on input line 2303.
Package hyperref Info: Backreferencing OFF on input line 2308.

Implicit mode ON; LaTeX internals redefined
Package hyperref Info: Bookmarks ON on input line 2444.
(/usr/share/texmf-texlive/tex/latex/ltxmisc/url.sty
\Urlmuskip=\muskip10
Package: url 2005/06/27  ver 3.2  Verb mode for urls, etc.
)
LaTeX Info: Redefining \url on input line 2599.
\Fld@menulength=\count100
\Field@Width=\dimen128
\Fld@charsize=\dimen129
\Choice@toks=\toks25
\Field@toks=\toks26
Package hyperref Info: Hyper figures OFF on input line 3102.
Package hyperref Info: Link nesting OFF on input line 3107.
Package hyperref Info: Hyper index ON on input line 3110.
Package hyperref Info: backreferencing OFF on input line 3117.
Package hyperref Info: Link coloring OFF on input line 3122.
\Hy@abspage=\count101
\c@Item=\count102
\c@Hfootnote=\count103
)
*hyperref using driver hdvips*
(/usr/share/texmf-texlive/tex/latex/hyperref/hdvips.def
File: hdvips.def 2007/02/07 v6.75r Hyperref driver for dvips

(/usr/share/texmf-texlive/tex/latex/hyperref/pdfmark.def
File: pdfmark.def 2007/02/07 v6.75r Hyperref definitions for pdfmark specials
\pdf@docset=\toks27
\pdf@box=\box34
\pdf@toks=\toks28
\pdf@defaulttoks=\toks29
\Fld@listcount=\count104
))
\theoverlays=\box35
\c@overlaysCount=\count105
\c@limitOverlays=\count106
\@tempoLimit=\count107
\slideWidth=\skip44
\c@trueSlideCounter=\count108

(/usr/share/texmf/tex/latex/prosper/PPRdefault.sty
Package: PPRdefault 2000/11/30

`default' style for Prosper ---
CVSId: $Id: PPRdefault.sty,v 1.3 2001/10/24 15:11:25 exupery Exp $
 
(/usr/share/texmf-texlive/tex/latex/amsfonts/amssymb.sty
Package: amssymb 2002/01/22 v2.2d

(/usr/share/texmf-texlive/tex/latex/amsfonts/amsfonts.sty
Package: amsfonts 2001/10/25 v2.2f
\@emptytoks=\toks30
\symAMSa=\mathgroup4
\symAMSb=\mathgroup5
LaTeX Font Info:    Overwriting math alphabet `\mathfrak' in version `bold'
(Font)                  U/euf/m/n --> U/euf/b/n on input line 132.
))
(/usr/share/texmf-texlive/tex/latex/seminar/semhelv.sty
Style Option: `semhelv' for the `seminar' doc style 1.4 <2000/05/08> (tvz)
Modified by Stefan (see source for details)
LaTeX Font Info:    Font shape `OT1/helvetica/m/n' will be
(Font)              scaled to size 8.20007pt on input line 186.
))
\c@item@step=\count109
\c@overlay@page=\count110
\c@nbAffected=\count111
\c@savecountAffected=\count112
) (/usr/share/texmf-texlive/tex/latex/base/inputenc.sty
Package: inputenc 2006/05/05 v1.1b Input encoding file
\inpenc@prehook=\toks31
\inpenc@posthook=\toks32

(/usr/share/texmf-texlive/tex/latex/base/latin1.def
File: latin1.def 2006/05/05 v1.1b Input encoding file
))
(/usr/share/texmf-texlive/tex/latex/tools/theorem.sty
Package: theorem 1995/11/23 v2.2c Theorem extension package (FMi)
\theorem@style=\toks33
\theorem@bodyfont=\toks34
\theorempreskipamount=\skip45
\theorempostskipamount=\skip46

(/usr/share/texmf-texlive/tex/latex/tools/thp.sty
File: thp.sty 1995/11/23 v2.2c Theorem extension package (FMi)
))
(/usr/share/texmf-texlive/tex/latex/amsmath/amsmath.sty
Package: amsmath 2000/07/18 v2.13 AMS math features
\@mathmargin=\skip47

For additional information on amsmath, use the `?' option.
(/usr/share/texmf-texlive/tex/latex/amsmath/amstext.sty
Package: amstext 2000/06/29 v2.01

(/usr/share/texmf-texlive/tex/latex/amsmath/amsgen.sty
File: amsgen.sty 1999/11/30 v2.0
\@emptytoks=\toks35
\ex@=\dimen130
))
(/usr/share/texmf-texlive/tex/latex/amsmath/amsbsy.sty
Package: amsbsy 1999/11/29 v1.2d
\pmbraise@=\dimen131
)
(/usr/share/texmf-texlive/tex/latex/amsmath/amsopn.sty
Package: amsopn 1999/12/14 v2.01 operator names
)
\inf@bad=\count113
LaTeX Info: Redefining \frac on input line 211.
\uproot@=\count114
\leftroot@=\count115
LaTeX Info: Redefining \overline on input line 307.
\classnum@=\count116
\DOTSCASE@=\count117
LaTeX Info: Redefining \ldots on input line 379.
LaTeX Info: Redefining \dots on input line 382.
LaTeX Info: Redefining \cdots on input line 467.
\Mathstrutbox@=\box36
\strutbox@=\box37
\big@size=\dimen132
LaTeX Font Info:    Redeclaring font encoding OML on input line 567.
LaTeX Font Info:    Redeclaring font encoding OMS on input line 568.
\macc@depth=\count118
\c@MaxMatrixCols=\count119
\dotsspace@=\muskip11
\c@parentequation=\count120
\dspbrk@lvl=\count121
\tag@help=\toks36
\row@=\count122
\column@=\count123
\maxfields@=\count124
\andhelp@=\toks37
\eqnshift@=\dimen133
\alignsep@=\dimen134
\tagshift@=\dimen135
\tagwidth@=\dimen136
\totwidth@=\dimen137
\lineht@=\dimen138
\@envbody=\toks38
\multlinegap=\skip48
\multlinetaggap=\skip49
\mathdisplay@stack=\toks39
LaTeX Info: Redefining \[ on input line 2666.
LaTeX Info: Redefining \] on input line 2667.
)
(/usr/share/texmf-texlive/tex/latex/tools/thb.sty
File: thb.sty 1995/11/23 v2.2c Theorem extension package (FMi)
)
\c@Saet=\count125
 (./sim_exp-slides4.aux)
\openout1 = `sim_exp-slides4.aux'.

LaTeX Font Info:    Checking defaults for OML/cmm/m/it on input line 40.
LaTeX Font Info:    ... okay on input line 40.
LaTeX Font Info:    Checking defaults for T1/cmr/m/n on input line 40.
LaTeX Font Info:    ... okay on input line 40.
LaTeX Font Info:    Checking defaults for OT1/cmr/m/n on input line 40.
LaTeX Font Info:    ... okay on input line 40.
LaTeX Font Info:    Checking defaults for OMS/cmsy/m/n on input line 40.
LaTeX Font Info:    ... okay on input line 40.
LaTeX Font Info:    Checking defaults for OMX/cmex/m/n on input line 40.
LaTeX Font Info:    ... okay on input line 40.
LaTeX Font Info:    Checking defaults for U/cmr/m/n on input line 40.
LaTeX Font Info:    ... okay on input line 40.
LaTeX Font Info:    Checking defaults for PD1/pdf/m/n on input line 40.
LaTeX Font Info:    ... okay on input line 40.
Package hyperref Info: Link coloring OFF on input line 40.

(/usr/share/texmf-texlive/tex/latex/hyperref/nameref.sty
Package: nameref 2006/12/27 v2.28 Cross-referencing by name of section

(/usr/share/texmf-texlive/tex/latex/oberdiek/refcount.sty
Package: refcount 2006/02/20 v3.0 Data extraction from references (HO)
)
\c@section@level=\count126
)
LaTeX Info: Redefining \ref on input line 40.
LaTeX Info: Redefining \pageref on input line 40.

(./sim_exp-slides4.out) (./sim_exp-slides4.out)
\@outlinefile=\write3
\openout3 = `sim_exp-slides4.out'.

LaTeX Font Info:    Font shape `OT1/helvetica/m/n' will be
(Font)              scaled to size 14.16972pt on input line 41.
LaTeX Font Info:    Font shape `OT1/helvetica/m/n' will be
(Font)              scaled to size 11.80809pt on input line 41.
LaTeX Font Info:    Try loading font information for T1+phv on input line 41.

(/usr/share/texmf-texlive/tex/latex/psnfss/t1phv.fd
File: t1phv.fd 2001/06/04 scalable font definitions for T1/phv.
)
LaTeX Font Info:    Try loading font information for T1+ptm on input line 41.

(/usr/share/texmf-texlive/tex/latex/psnfss/t1ptm.fd
File: t1ptm.fd 2001/06/04 font definitions for T1/ptm.
)
LaTeX Font Info:    Font shape `OT1/helvetica/m/n' will be
(Font)              scaled to size 5.74005pt on input line 41.
LaTeX Font Info:    Font shape `OT1/courier/m/n' will be
(Font)              scaled to size 6.895pt on input line 41.
LaTeX Font Info:    Try loading font information for U+msa on input line 41.

(/usr/share/texmf-texlive/tex/latex/amsfonts/umsa.fd
File: umsa.fd 2002/01/19 v2.2g AMS font definitions
)
LaTeX Font Info:    Try loading font information for U+msb on input line 41.

(/usr/share/texmf-texlive/tex/latex/amsfonts/umsb.fd
File: umsb.fd 2002/01/19 v2.2g AMS font definitions
)
LaTeX Font Info:    Font shape `OT1/helvetica/m/n' will be
(Font)              scaled to size 4.10004pt on input line 41.
 [1


]
File: red-bullet-on-white.ps Graphic file (type eps)

<red-bullet-on-white.ps>
File: red-bullet-on-white.ps Graphic file (type eps)
 <red-bullet-on-white.ps>
File: figurer/sensitiv.md Graphic file (type eps)
 <figurer/sensitiv.md>
LaTeX Font Info:    Calculating math sizes for size <12.4> on input line 78.
File: figurer/matlab.eps Graphic file (type eps)

<figurer/matlab.eps> [2

]
File: red-bullet-on-white.ps Graphic file (type eps)
 <red-bullet-on-white.ps>
File: green-bullet-on-white.ps Graphic file (type eps)
 <green-bullet-on-white.ps>
File: green-bullet-on-white.ps Graphic file (type eps)

<green-bullet-on-white.ps>
File: red-bullet-on-white.ps Graphic file (type eps)
 <red-bullet-on-white.ps>
File: green-bullet-on-white.ps Graphic file (type eps)
 <green-bullet-on-white.ps>
File: green-bullet-on-white.ps Graphic file (type eps)

<green-bullet-on-white.ps> [3

]
File: red-bullet-on-white.ps Graphic file (type eps)
 <red-bullet-on-white.ps>
File: green-bullet-on-white.ps Graphic file (type eps)

<green-bullet-on-white.ps>
File: green-bullet-on-white.ps Graphic file (type eps)
 <green-bullet-on-white.ps>
File: red-bullet-on-white.ps Graphic file (type eps)
 <red-bullet-on-white.ps>
File: green-bullet-on-white.ps Graphic file (type eps)

<green-bullet-on-white.ps>
File: green-bullet-on-white.ps Graphic file (type eps)
 <green-bullet-on-white.ps> [3

]
File: red-bullet-on-white.ps Graphic file (type eps)

<red-bullet-on-white.ps>
File: green-bullet-on-white.ps Graphic file (type eps)
 <green-bullet-on-white.ps>
File: green-bullet-on-white.ps Graphic file (type eps)
 <green-bullet-on-white.ps>
File: red-bullet-on-white.ps Graphic file (type eps)

<red-bullet-on-white.ps>
File: red-bullet-on-white.ps Graphic file (type eps)
 <red-bullet-on-white.ps> [4

]
File: red-bullet-on-white.ps Graphic file (type eps)
 <red-bullet-on-white.ps>
File: green-bullet-on-white.ps Graphic file (type eps)

<green-bullet-on-white.ps>
File: green-bullet-on-white.ps Graphic file (type eps)
 <green-bullet-on-white.ps>
File: red-bullet-on-white.ps Graphic file (type eps)
 <red-bullet-on-white.ps>
File: red-bullet-on-white.ps Graphic file (type eps)

<red-bullet-on-white.ps> [4

]
File: red-bullet-on-white.ps Graphic file (type eps)
 <red-bullet-on-white.ps>
File: green-bullet-on-white.ps Graphic file (type eps)

<green-bullet-on-white.ps>
File: green-bullet-on-white.ps Graphic file (type eps)
 <green-bullet-on-white.ps>
File: red-bullet-on-white.ps Graphic file (type eps)
 <red-bullet-on-white.ps>
File: red-bullet-on-white.ps Graphic file (type eps)

<red-bullet-on-white.ps> [4

]
File: figurer/tavle.md Graphic file (type eps)
 <figurer/tavle.md> [5

]
File: figurer/tavle.md Graphic file (type eps)
 <figurer/tavle.md> [5

]
File: figurer/tavle.md Graphic file (type eps)

<figurer/tavle.md> [5

]
File: figurer/tavle.md Graphic file (type eps)
 <figurer/tavle.md> [5

]
File: red-bullet-on-white.ps Graphic file (type eps)
 <red-bullet-on-white.ps>
File: red-bullet-on-white.ps Graphic file (type eps)

<red-bullet-on-white.ps>
File: red-bullet-on-white.ps Graphic file (type eps)
 <red-bullet-on-white.ps> [6

]
File: figurer/tavle.md Graphic file (type eps)
 <figurer/tavle.md>
[7

]
File: red-bullet-on-white.ps Graphic file (type eps)
 <red-bullet-on-white.ps>
File: red-bullet-on-white.ps Graphic file (type eps)
 <red-bullet-on-white.ps> [8

]
File: red-bullet-on-white.ps Graphic file (type eps)

<red-bullet-on-white.ps>
File: red-bullet-on-white.ps Graphic file (type eps)
 <red-bullet-on-white.ps> [8

]
File: red-bullet-on-white.ps Graphic file (type eps)
 <red-bullet-on-white.ps>
File: red-bullet-on-white.ps Graphic file (type eps)

<red-bullet-on-white.ps> [8

]
File: red-bullet-on-white.ps Graphic file (type eps)
 <red-bullet-on-white.ps>
File: red-bullet-on-white.ps Graphic file (type eps)
 <red-bullet-on-white.ps>
[8

]
File: red-bullet-on-white.ps Graphic file (type eps)
 <red-bullet-on-white.ps>
File: red-bullet-on-white.ps Graphic file (type eps)
 <red-bullet-on-white.ps> [8

]
File: red-bullet-on-white.ps Graphic file (type eps)

<red-bullet-on-white.ps>
File: red-bullet-on-white.ps Graphic file (type eps)
 <red-bullet-on-white.ps> [8

]
File: figurer/figur_ex15.eps Graphic file (type eps)
 <figurer/figur_ex15.eps>
[9

]
File: figurer/figur_ex15.eps Graphic file (type eps)
 <figurer/figur_ex15.eps> [9

] [10

] [10

] [10

]
LaTeX Font Info:    Font shape `T1/courier/m/n' will be
(Font)              scaled to size 12.21399pt on input line 311.
 [11

] [11

] [11

] [11

] [11

]
File: figurer/eksempel17.eps Graphic file (type eps)

<figurer/eksempel17.eps> [12

]
File: figurer/eksempel17.eps Graphic file (type eps)
 <figurer/eksempel17.eps> [12

] [13

]
File: figurer/eksempel18_sens.eps Graphic file (type eps)

<figurer/eksempel18_sens.eps> [13

]
File: figurer/eksempel18_in_out.eps Graphic file (type eps)
 <figurer/eksempel18_in_out.eps> [13

]
File: red-bullet-on-white.ps Graphic file (type eps)

<red-bullet-on-white.ps>
File: red-bullet-on-white.ps Graphic file (type eps)
 <red-bullet-on-white.ps>
File: red-bullet-on-white.ps Graphic file (type eps)
 <red-bullet-on-white.ps>
File: red-bullet-on-white.ps Graphic file (type eps)

<red-bullet-on-white.ps>
File: red-bullet-on-white.ps Graphic file (type eps)
 <red-bullet-on-white.ps>
File: red-bullet-on-white.ps Graphic file (type eps)
 <red-bullet-on-white.ps>
File: red-bullet-on-white.ps Graphic file (type eps)

<red-bullet-on-white.ps> [14

]
File: red-bullet-on-white.ps Graphic file (type eps)
 <red-bullet-on-white.ps>
File: red-bullet-on-white.ps Graphic file (type eps)

<red-bullet-on-white.ps> [15

] (./sim_exp-slides4.aux) ) 
Here is how much of TeX's memory you used:
 5637 strings out of 95087
 73063 string characters out of 1183278
 154778 words of memory out of 1500000
 8693 multiletter control sequences out of 10000+50000
 34127 words of font info for 70 fonts, out of 1200000 for 2000
 28 hyphenation exceptions out of 8191
 44i,15n,41p,232b,809s stack positions out of 5000i,500n,6000p,200000b,5000s

Output written on sim_exp-slides4.dvi (36 pages, 130652 bytes).
